0 info it worked if it ends with ok
1 verbose cli [ '/Users/ehelguero/.nvm/versions/node/v5.4.1/bin/node',
1 verbose cli   '/Users/ehelguero/.nvm/versions/node/v5.4.1/bin/npm',
1 verbose cli   'start' ]
2 info using npm@3.3.12
3 info using node@v5.4.1
4 verbose run-script [ 'prestart', 'start', 'poststart' ]
5 info lifecycle hero@1.0.0~prestart: hero@1.0.0
6 silly lifecycle hero@1.0.0~prestart: no script for prestart, continuing
7 info lifecycle hero@1.0.0~start: hero@1.0.0
8 verbose lifecycle hero@1.0.0~start: unsafe-perm in lifecycle true
9 verbose lifecycle hero@1.0.0~start: PATH: /Users/ehelguero/.nvm/versions/node/v5.4.1/lib/node_modules/npm/bin/node-gyp-bin:/Volumes/My Passport/hero/node_modules/.bin:/Users/ehelguero/.nvm/versions/node/v5.4.1/bin:~/.composer/vendor/bin:vendor/bin:/Users/ehelguero/.composer/vendor/bin:/Applications/MAMP/bin/php/php5.5.10/bin:/usr/local/heroku/bin:/Users/ehelguero/bin:/usr/local/bin:/usr/local/bin:/usr/bin:/bin:/usr/sbin:/sbin:/opt/X11/bin:/usr/local/git/bin
10 verbose lifecycle hero@1.0.0~start: CWD: /Volumes/My Passport/hero
11 silly lifecycle hero@1.0.0~start: Args: [ '-c', 'tsc && concurrently "npm run tsc:w" "npm run lite" ' ]
12 silly lifecycle hero@1.0.0~start: Returned: code: 2  signal: null
13 info lifecycle hero@1.0.0~start: Failed to exec start script
14 verbose stack Error: hero@1.0.0 start: `tsc && concurrently "npm run tsc:w" "npm run lite" `
14 verbose stack Exit status 2
14 verbose stack     at EventEmitter.<anonymous> (/Users/ehelguero/.nvm/versions/node/v5.4.1/lib/node_modules/npm/lib/utils/lifecycle.js:232:16)
14 verbose stack     at emitTwo (events.js:87:13)
14 verbose stack     at EventEmitter.emit (events.js:172:7)
14 verbose stack     at ChildProcess.<anonymous> (/Users/ehelguero/.nvm/versions/node/v5.4.1/lib/node_modules/npm/lib/utils/spawn.js:24:14)
14 verbose stack     at emitTwo (events.js:87:13)
14 verbose stack     at ChildProcess.emit (events.js:172:7)
14 verbose stack     at maybeClose (internal/child_process.js:821:16)
14 verbose stack     at Process.ChildProcess._handle.onexit (internal/child_process.js:211:5)
15 verbose pkgid hero@1.0.0
16 verbose cwd /Volumes/My Passport/hero
17 error Darwin 15.6.0
18 error argv "/Users/ehelguero/.nvm/versions/node/v5.4.1/bin/node" "/Users/ehelguero/.nvm/versions/node/v5.4.1/bin/npm" "start"
19 error node v5.4.1
20 error npm  v3.3.12
21 error code ELIFECYCLE
22 error hero@1.0.0 start: `tsc && concurrently "npm run tsc:w" "npm run lite" `
22 error Exit status 2
23 error Failed at the hero@1.0.0 start script 'tsc && concurrently "npm run tsc:w" "npm run lite" '.
23 error Make sure you have the latest version of node.js and npm installed.
23 error If you do, this is most likely a problem with the hero package,
23 error not with npm itself.
23 error Tell the author that this fails on your system:
23 error     tsc && concurrently "npm run tsc:w" "npm run lite"
23 error You can get their info via:
23 error     npm owner ls hero
23 error There is likely additional logging output above.
24 verbose exit [ 1, true ]
